<?xml version="1.0" encoding="UTF-8"?>
<testng-results ignored="0" total="1" passed="1" failed="0" skipped="0">
  <reporter-output>
  </reporter-output>
  <suite started-at="2024-07-08T08:47:45 IST" name="SuiteDemo" finished-at="2024-07-08T08:47:55 IST" duration-ms="10335">
    <groups>
    </groups>
    <test started-at="2024-07-08T08:47:45 IST" name="TestDemo" finished-at="2024-07-08T08:47:55 IST" duration-ms="10335">
      <class name="one.SampleMavenFirstScript">
        <test-method signature="sampleTest()[pri:0, instance:one.SampleMavenFirstScript@1e0b4072]" started-at="2024-07-08T08:47:45 IST" name="sampleTest" finished-at="2024-07-08T08:47:55 IST" duration-ms="10272" status="PASS">
          <reporter-output>
          </reporter-output>
        </test-method> <!-- sampleTest -->
      </class> <!-- one.SampleMavenFirstScript -->
    </test> <!-- TestDemo -->
  </suite> <!-- SuiteDemo -->
</testng-results>
