<?xml version="1.0" encoding="UTF-8"?>
<testng-results ignored="0" total="1" passed="1" failed="0" skipped="0">
  <reporter-output>
  </reporter-output>
  <suite started-at="2024-07-07T23:59:09 IST" name="Default suite" finished-at="2024-07-07T23:59:19 IST" duration-ms="9667">
    <groups>
    </groups>
    <test started-at="2024-07-07T23:59:09 IST" name="Default test" finished-at="2024-07-07T23:59:19 IST" duration-ms="9667">
      <class name="one.SampleMavenFirstScript">
        <test-method signature="sampleTest()[pri:0, instance:one.SampleMavenFirstScript@606e4010]" started-at="2024-07-07T23:59:09 IST" name="sampleTest" finished-at="2024-07-07T23:59:19 IST" duration-ms="9583" status="PASS">
          <reporter-output>
          </reporter-output>
        </test-method> <!-- sampleTest -->
      </class> <!-- one.SampleMavenFirstScript -->
    </test> <!-- Default test -->
  </suite> <!-- Default suite -->
</testng-results>
